<?xml version="1.0" encoding="UTF-8"?>
<!-- Generated by org.testng.reporters.JUnitXMLReporter -->
<testsuite ignored="0" hostname="DESKTOP-NILUJD3" failures="0" tests="2" name="EBizCharge Tests" time="43.931" errors="0" timestamp="2025-02-19T14:10:29 PST">
  <testcase classname="com.ebizcharge.tests.EBizChargeTest" name="testAcumaticaDownload" time="12.767"/>
  <testcase classname="com.ebizcharge.tests.EBizChargeTest" name="testQuickBooksDownload" time="11.293"/>
</testsuite> <!-- EBizCharge Tests -->
