<?xml version="1.0" encoding="UTF-8"?>
<!-- Generated by org.testng.reporters.JUnitXMLReporter -->
<testsuite ignored="0" hostname="DESKTOP-NILUJD3" failures="0" tests="2" name="EBizCharge Automation Tests" time="38.516" errors="0" timestamp="2025-02-19T12:14:41 PST">
  <testcase classname="com.ebizcharge.tests.EBizChargeTest" name="testAcumaticaDownload" time="10.067"/>
  <testcase classname="com.ebizcharge.tests.EBizChargeTest" name="testQuickBooksDownload" time="8.94"/>
</testsuite> <!-- EBizCharge Automation Tests -->
