<?xml version="1.0" encoding="UTF-8"?>
<!-- Generated by org.testng.reporters.JUnitXMLReporter -->
<testsuite ignored="0" hostname="DESKTOP-NILUJD3" failures="0" tests="2" name="Default test" time="45.947" errors="0" timestamp="2025-02-19T09:43:29 PST">
  <testcase classname="com.ebizcharge.tests.EBizChargeTest" name="testAcumaticaDownload" time="11.791"/>
  <testcase classname="com.ebizcharge.tests.EBizChargeTest" name="testQuickBooksDownload" time="12.474"/>
</testsuite> <!-- Default test -->
